# JRE version: Java(TM) SE Runtime Environment (8.0_211-b12) (build 1.8.0_211-b12)
# Java VM: Java HotSpot(TM) 64-Bit Server VM (25.211-b12 mixed mode windows-amd64 compressed oops)
Heap:
 PSYoungGen      total 70656K, used 50071K [0x00000000eb300000, 0x00000000f3180000, 0x0000000100000000)
  eden space 65536K, 68% used [0x00000000eb300000,0x00000000edf0e3a0,0x00000000ef300000)
  from space 5120K, 96% used [0x00000000ef300000,0x00000000ef7d7b10,0x00000000ef800000)
  to   space 9216K, 0% used [0x00000000f2880000,0x00000000f2880000,0x00000000f3180000)
 ParOldGen       total 51712K, used 7978K [0x00000000c1800000, 0x00000000c4a80000, 0x00000000eb300000)
  object space 51712K, 15% used [0x00000000c1800000,0x00000000c1fcaa28,0x00000000c4a80000)
 Metaspace       used 28688K, capacity 28916K, committed 29440K, reserved 1075200K
  class space    used 3388K, capacity 3486K, committed 3584K, reserved 1048576K
GC Heap History (10 events):
Event: 7.533 GC heap before
{Heap before GC invocations=4 (full 0):
 PSYoungGen      total 37888K, used 37878K [0x00000000eb300000, 0x00000000efd00000, 0x0000000100000000)
  eden space 32768K, 100% used [0x00000000eb300000,0x00000000ed300000,0x00000000ed300000)
  from space 5120K, 99% used [0x00000000ed300000,0x00000000ed7fda60,0x00000000ed800000)
  to   space 5120K, 0% used [0x00000000ef800000,0x00000000ef800000,0x00000000efd00000)
 ParOldGen       total 86016K, used 3075K [0x00000000c1800000, 0x00000000c6c00000, 0x00000000eb300000)
  object space 86016K, 3% used [0x00000000c1800000,0x00000000c1b00e80,0x00000000c6c00000)
 Metaspace       used 18260K, capacity 18486K, committed 18688K, reserved 1064960K
  class space    used 2092K, capacity 2189K, committed 2304K, reserved 1048576K
Event: 7.555 GC heap after
Heap after GC invocations=4 (full 0):
 PSYoungGen      total 70656K, used 5091K [0x00000000eb300000, 0x00000000efd00000, 0x0000000100000000)
  eden space 65536K, 0% used [0x00000000eb300000,0x00000000eb300000,0x00000000ef300000)
  from space 5120K, 99% used [0x00000000ef800000,0x00000000efcf8cb8,0x00000000efd00000)
  to   space 5120K, 0% used [0x00000000ef300000,0x00000000ef300000,0x00000000ef800000)
 ParOldGen       total 86016K, used 5170K [0x00000000c1800000, 0x00000000c6c00000, 0x00000000eb300000)
  object space 86016K, 6% used [0x00000000c1800000,0x00000000c1d0c830,0x00000000c6c00000)
 Metaspace       used 18260K, capacity 18486K, committed 18688K, reserved 1064960K
  class space    used 2092K, capacity 2189K, committed 2304K, reserved 1048576K
}
Event: 7.954 GC heap before
{Heap before GC invocations=5 (full 0):
 PSYoungGen      total 70656K, used 27638K [0x00000000eb300000, 0x00000000efd00000, 0x0000000100000000)
  eden space 65536K, 34% used [0x00000000eb300000,0x00000000ec904e00,0x00000000ef300000)
  from space 5120K, 99% used [0x00000000ef800000,0x00000000efcf8cb8,0x00000000efd00000)
  to   space 5120K, 0% used [0x00000000ef300000,0x00000000ef300000,0x00000000ef800000)
 ParOldGen       total 86016K, used 5170K [0x00000000c1800000, 0x00000000c6c00000, 0x00000000eb300000)
  object space 86016K, 6% used [0x00000000c1800000,0x00000000c1d0c830,0x00000000c6c00000)
 Metaspace       used 20831K, capacity 21050K, committed 21248K, reserved 1069056K
  class space    used 2349K, capacity 2447K, committed 2560K, reserved 1048576K
Event: 7.967 GC heap after
Heap after GC invocations=5 (full 0):
 PSYoungGen      total 70656K, used 5091K [0x00000000eb300000, 0x00000000efd00000, 0x0000000100000000)
  eden space 65536K, 0% used [0x00000000eb300000,0x00000000eb300000,0x00000000ef300000)
  from space 5120K, 99% used [0x00000000ef300000,0x00000000ef7f8cd8,0x00000000ef800000)
  to   space 5120K, 0% used [0x00000000ef800000,0x00000000ef800000,0x00000000efd00000)
 ParOldGen       total 86016K, used 7471K [0x00000000c1800000, 0x00000000c6c00000, 0x00000000eb300000)
  object space 86016K, 8% used [0x00000000c1800000,0x00000000c1f4be18,0x00000000c6c00000)
 Metaspace       used 20831K, capacity 21050K, committed 21248K, reserved 1069056K
  class space    used 2349K, capacity 2447K, committed 2560K, reserved 1048576K
}
Event: 7.967 GC heap before
{Heap before GC invocations=6 (full 1):
 PSYoungGen      total 70656K, used 5091K [0x00000000eb300000, 0x00000000efd00000, 0x0000000100000000)
  eden space 65536K, 0% used [0x00000000eb300000,0x00000000eb300000,0x00000000ef300000)
  from space 5120K, 99% used [0x00000000ef300000,0x00000000ef7f8cd8,0x00000000ef800000)
  to   space 5120K, 0% used [0x00000000ef800000,0x00000000ef800000,0x00000000efd00000)
 ParOldGen       total 86016K, used 7471K [0x00000000c1800000, 0x00000000c6c00000, 0x00000000eb300000)
  object space 86016K, 8% used [0x00000000c1800000,0x00000000c1f4be18,0x00000000c6c00000)
 Metaspace       used 20831K, capacity 21050K, committed 21248K, reserved 1069056K
  class space    used 2349K, capacity 2447K, committed 2560K, reserved 1048576K
Event: 8.031 GC heap after
Heap after GC invocations=6 (full 1):
 PSYoungGen      total 70656K, used 0K [0x00000000eb300000, 0x00000000efd00000, 0x0000000100000000)
  eden space 65536K, 0% used [0x00000000eb300000,0x00000000eb300000,0x00000000ef300000)
  from space 5120K, 0% used [0x00000000ef300000,0x00000000ef300000,0x00000000ef800000)
  to   space 5120K, 0% used [0x00000000ef800000,0x00000000ef800000,0x00000000efd00000)
 ParOldGen       total 51712K, used 7970K [0x00000000c1800000, 0x00000000c4a80000, 0x00000000eb300000)
  object space 51712K, 15% used [0x00000000c1800000,0x00000000c1fc8a28,0x00000000c4a80000)
 Metaspace       used 20831K, capacity 21050K, committed 21248K, reserved 1069056K
  class space    used 2349K, capacity 2447K, committed 2560K, reserved 1048576K
}
Event: 9.021 GC heap before
{Heap before GC invocations=7 (full 1):
 PSYoungGen      total 70656K, used 65536K [0x00000000eb300000, 0x00000000efd00000, 0x0000000100000000)
  eden space 65536K, 100% used [0x00000000eb300000,0x00000000ef300000,0x00000000ef300000)
  from space 5120K, 0% used [0x00000000ef300000,0x00000000ef300000,0x00000000ef800000)
  to   space 5120K, 0% used [0x00000000ef800000,0x00000000ef800000,0x00000000efd00000)
 ParOldGen       total 51712K, used 7970K [0x00000000c1800000, 0x00000000c4a80000, 0x00000000eb300000)
  object space 51712K, 15% used [0x00000000c1800000,0x00000000c1fc8a28,0x00000000c4a80000)
 Metaspace       used 23036K, capacity 23258K, committed 23552K, reserved 1071104K
  class space    used 2631K, capacity 2735K, committed 2816K, reserved 1048576K
Event: 9.027 GC heap after
Heap after GC invocations=7 (full 1):
 PSYoungGen      total 70656K, used 3293K [0x00000000eb300000, 0x00000000efd00000, 0x0000000100000000)
  eden space 65536K, 0% used [0x00000000eb300000,0x00000000eb300000,0x00000000ef300000)
  from space 5120K, 64% used [0x00000000ef800000,0x00000000efb37678,0x00000000efd00000)
  to   space 5120K, 0% used [0x00000000ef300000,0x00000000ef300000,0x00000000ef800000)
 ParOldGen       total 51712K, used 7970K [0x00000000c1800000, 0x00000000c4a80000, 0x00000000eb300000)
  object space 51712K, 15% used [0x00000000c1800000,0x00000000c1fc8a28,0x00000000c4a80000)
 Metaspace       used 23036K, capacity 23258K, committed 23552K, reserved 1071104K
  class space    used 2631K, capacity 2735K, committed 2816K, reserved 1048576K
}
Event: 10.076 GC heap before
{Heap before GC invocations=8 (full 1):
 PSYoungGen      total 70656K, used 68829K [0x00000000eb300000, 0x00000000efd00000, 0x0000000100000000)
  eden space 65536K, 100% used [0x00000000eb300000,0x00000000ef300000,0x00000000ef300000)
  from space 5120K, 64% used [0x00000000ef800000,0x00000000efb37678,0x00000000efd00000)
  to   space 5120K, 0% used [0x00000000ef300000,0x00000000ef300000,0x00000000ef800000)
 ParOldGen       total 51712K, used 7970K [0x00000000c1800000, 0x00000000c4a80000, 0x00000000eb300000)
  object space 51712K, 15% used [0x00000000c1800000,0x00000000c1fc8a28,0x00000000c4a80000)
 Metaspace       used 26771K, capacity 27020K, committed 27392K, reserved 1073152K
  class space    used 3120K, capacity 3220K, committed 3328K, reserved 1048576K
Event: 10.081 GC heap after
Heap after GC invocations=8 (full 1):
 PSYoungGen      total 70656K, used 4958K [0x00000000eb300000, 0x00000000f3180000, 0x0000000100000000)
  eden space 65536K, 0% used [0x00000000eb300000,0x00000000eb300000,0x00000000ef300000)
  from space 5120K, 96% used [0x00000000ef300000,0x00000000ef7d7b10,0x00000000ef800000)
  to   space 9216K, 0% used [0x00000000f2880000,0x00000000f2880000,0x00000000f3180000)
 ParOldGen       total 51712K, used 7978K [0x00000000c1800000, 0x00000000c4a80000, 0x00000000eb300000)
  object space 51712K, 15% used [0x00000000c1800000,0x00000000c1fcaa28,0x00000000c4a80000)
 Metaspace       used 26771K, capacity 27020K, committed 27392K, reserved 1073152K
  class space    used 3120K, capacity 3220K, committed 3328K, reserved 1048576K
}

